The system is: Linux - 4.15.0-142-generic - x86_64
Compiling the CXX compiler identification source file "CMakeCXXCompilerId.cpp" succeeded.
Compiler: /home/zaba_al/gcc-9.4.0/bin/g++ 
Build flags: 
Id flags: 

The output was:
0


Compilation of the CXX compiler identification source "CMakeCXXCompilerId.cpp" produced "a.out"

The CXX compiler identification is GNU, found in "/home/zaba_al/resLoadSIM-6.2.0-Source/build/CMakeFiles/3.5.1/CompilerIdCXX/a.out"

Determining if the CXX compiler works passed with the following output:
Change Dir: /home/zaba_al/resLoadSIM-6.2.0-Source/build/CMakeFiles/CMakeTmp

Run Build Command:"/usr/bin/make" "cmTC_1a08b/fast"
/usr/bin/make -f CMakeFiles/cmTC_1a08b.dir/build.make CMakeFiles/cmTC_1a08b.dir/build
make[1]: Entering directory '/home/zaba_al/resLoadSIM-6.2.0-Source/build/CMakeFiles/CMakeTmp'
Building CXX object CMakeFiles/cmTC_1a08b.dir/testCXXCompiler.cxx.o
/home/zaba_al/gcc-9.4.0/bin/g++      -o CMakeFiles/cmTC_1a08b.dir/testCXXCompiler.cxx.o -c /home/zaba_al/resLoadSIM-6.2.0-Source/build/CMakeFiles/CMakeTmp/testCXXCompiler.cxx
Linking CXX executable cmTC_1a08b
/usr/bin/cmake -E cmake_link_script CMakeFiles/cmTC_1a08b.dir/link.txt --verbose=1
/home/zaba_al/gcc-9.4.0/bin/g++        CMakeFiles/cmTC_1a08b.dir/testCXXCompiler.cxx.o  -o cmTC_1a08b 
make[1]: Leaving directory '/home/zaba_al/resLoadSIM-6.2.0-Source/build/CMakeFiles/CMakeTmp'


Detecting CXX compiler ABI info compiled with the following output:
Change Dir: /home/zaba_al/resLoadSIM-6.2.0-Source/build/CMakeFiles/CMakeTmp

Run Build Command:"/usr/bin/make" "cmTC_688fe/fast"
/usr/bin/make -f CMakeFiles/cmTC_688fe.dir/build.make CMakeFiles/cmTC_688fe.dir/build
make[1]: Entering directory '/home/zaba_al/resLoadSIM-6.2.0-Source/build/CMakeFiles/CMakeTmp'
Building CXX object CMakeFiles/cmTC_688fe.dir/CMakeCXXCompilerABI.cpp.o
/home/zaba_al/gcc-9.4.0/bin/g++      -o CMakeFiles/cmTC_688fe.dir/CMakeCXXCompilerABI.cpp.o -c /usr/share/cmake-3.5/Modules/CMakeCXXCompilerABI.cpp
Linking CXX executable cmTC_688fe
/usr/bin/cmake -E cmake_link_script CMakeFiles/cmTC_688fe.dir/link.txt --verbose=1
/home/zaba_al/gcc-9.4.0/bin/g++       -v CMakeFiles/cmTC_688fe.dir/CMakeCXXCompilerABI.cpp.o  -o cmTC_688fe  
Using built-in specs.
COLLECT_GCC=/home/zaba_al/gcc-9.4.0/bin/g++
COLLECT_LTO_WRAPPER=/home/zaba_al/gcc-9.4.0/libexec/gcc/x86_64-pc-linux-gnu/9.4.0/lto-wrapper
Target: x86_64-pc-linux-gnu
Configured with: ../configure --prefix=/home/zaba_al/gcc-9.4.0 --enable-languages=c,c++ --disable-multilib --disable-bootstrap
Thread model: posix
gcc version 9.4.0 (GCC) 
COMPILER_PATH=/home/zaba_al/gcc-9.4.0/libexec/gcc/x86_64-pc-linux-gnu/9.4.0/:/home/zaba_al/gcc-9.4.0/libexec/gcc/x86_64-pc-linux-gnu/9.4.0/:/home/zaba_al/gcc-9.4.0/libexec/gcc/x86_64-pc-linux-gnu/:/home/zaba_al/gcc-9.4.0/lib/gcc/x86_64-pc-linux-gnu/9.4.0/:/home/zaba_al/gcc-9.4.0/lib/gcc/x86_64-pc-linux-gnu/
LIBRARY_PATH=/home/zaba_al/gcc-9.4.0/lib64/../lib64/:/home/zaba_al/gcc-9.4.0/lib/gcc/x86_64-pc-linux-gnu/9.4.0/:/home/zaba_al/gcc-9.4.0/lib/gcc/x86_64-pc-linux-gnu/9.4.0/../../../../lib64/:/lib/x86_64-linux-gnu/:/lib/../lib64/:/usr/lib/x86_64-linux-gnu/:/home/zaba_al/gcc-9.4.0/lib64/:./:/home/zaba_al/gcc-9.4.0/lib/gcc/x86_64-pc-linux-gnu/9.4.0/../../../:/lib/:/usr/lib/
COLLECT_GCC_OPTIONS='-v' '-o' 'cmTC_688fe' '-shared-libgcc' '-mtune=generic' '-march=x86-64'
 /home/zaba_al/gcc-9.4.0/libexec/gcc/x86_64-pc-linux-gnu/9.4.0/collect2 -plugin /home/zaba_al/gcc-9.4.0/libexec/gcc/x86_64-pc-linux-gnu/9.4.0/liblto_plugin.so -plugin-opt=/home/zaba_al/gcc-9.4.0/libexec/gcc/x86_64-pc-linux-gnu/9.4.0/lto-wrapper -plugin-opt=-fresolution=/tmp/cc19r6Qt.res -plugin-opt=-pass-through=-lgcc_s -plugin-opt=-pass-through=-lgcc -plugin-opt=-pass-through=-lc -plugin-opt=-pass-through=-lgcc_s -plugin-opt=-pass-through=-lgcc --eh-frame-hdr -m elf_x86_64 -dynamic-linker /lib64/ld-linux-x86-64.so.2 -o cmTC_688fe /usr/lib/x86_64-linux-gnu/crt1.o /usr/lib/x86_64-linux-gnu/crti.o /home/zaba_al/gcc-9.4.0/lib/gcc/x86_64-pc-linux-gnu/9.4.0/crtbegin.o -L/home/zaba_al/gcc-9.4.0/lib64/../lib64 -L/home/zaba_al/gcc-9.4.0/lib/gcc/x86_64-pc-linux-gnu/9.4.0 -L/home/zaba_al/gcc-9.4.0/lib/gcc/x86_64-pc-linux-gnu/9.4.0/../../../../lib64 -L/lib/x86_64-linux-gnu -L/lib/../lib64 -L/usr/lib/x86_64-linux-gnu -L/home/zaba_al/gcc-9.4.0/lib64 -L. -L/home/zaba_al/gcc-9.4.0/lib/gcc/x86_64-pc-linux-gnu/9.4.0/../../.. CMakeFiles/cmTC_688fe.dir/CMakeCXXCompilerABI.cpp.o -lstdc++ -lm -lgcc_s -lgcc -lc -lgcc_s -lgcc /home/zaba_al/gcc-9.4.0/lib/gcc/x86_64-pc-linux-gnu/9.4.0/crtend.o /usr/lib/x86_64-linux-gnu/crtn.o
COLLECT_GCC_OPTIONS='-v' '-o' 'cmTC_688fe' '-shared-libgcc' '-mtune=generic' '-march=x86-64'
make[1]: Leaving directory '/home/zaba_al/resLoadSIM-6.2.0-Source/build/CMakeFiles/CMakeTmp'


Parsed CXX implicit link information from above output:
  link line regex: [^( *|.*[/\])(ld|([^/\]+-)?ld|collect2)[^/\]*( |$)]
  ignore line: [Change Dir: /home/zaba_al/resLoadSIM-6.2.0-Source/build/CMakeFiles/CMakeTmp]
  ignore line: []
  ignore line: [Run Build Command:"/usr/bin/make" "cmTC_688fe/fast"]
  ignore line: [/usr/bin/make -f CMakeFiles/cmTC_688fe.dir/build.make CMakeFiles/cmTC_688fe.dir/build]
  ignore line: [make[1]: Entering directory '/home/zaba_al/resLoadSIM-6.2.0-Source/build/CMakeFiles/CMakeTmp']
  ignore line: [Building CXX object CMakeFiles/cmTC_688fe.dir/CMakeCXXCompilerABI.cpp.o]
  ignore line: [/home/zaba_al/gcc-9.4.0/bin/g++      -o CMakeFiles/cmTC_688fe.dir/CMakeCXXCompilerABI.cpp.o -c /usr/share/cmake-3.5/Modules/CMakeCXXCompilerABI.cpp]
  ignore line: [Linking CXX executable cmTC_688fe]
  ignore line: [/usr/bin/cmake -E cmake_link_script CMakeFiles/cmTC_688fe.dir/link.txt --verbose=1]
  ignore line: [/home/zaba_al/gcc-9.4.0/bin/g++       -v CMakeFiles/cmTC_688fe.dir/CMakeCXXCompilerABI.cpp.o  -o cmTC_688fe  ]
  ignore line: [Using built-in specs.]
  ignore line: [COLLECT_GCC=/home/zaba_al/gcc-9.4.0/bin/g++]
  ignore line: [COLLECT_LTO_WRAPPER=/home/zaba_al/gcc-9.4.0/libexec/gcc/x86_64-pc-linux-gnu/9.4.0/lto-wrapper]
  ignore line: [Target: x86_64-pc-linux-gnu]
  ignore line: [Configured with: ../configure --prefix=/home/zaba_al/gcc-9.4.0 --enable-languages=c,c++ --disable-multilib --disable-bootstrap]
  ignore line: [Thread model: posix]
  ignore line: [gcc version 9.4.0 (GCC) ]
  ignore line: [COMPILER_PATH=/home/zaba_al/gcc-9.4.0/libexec/gcc/x86_64-pc-linux-gnu/9.4.0/:/home/zaba_al/gcc-9.4.0/libexec/gcc/x86_64-pc-linux-gnu/9.4.0/:/home/zaba_al/gcc-9.4.0/libexec/gcc/x86_64-pc-linux-gnu/:/home/zaba_al/gcc-9.4.0/lib/gcc/x86_64-pc-linux-gnu/9.4.0/:/home/zaba_al/gcc-9.4.0/lib/gcc/x86_64-pc-linux-gnu/]
  ignore line: [LIBRARY_PATH=/home/zaba_al/gcc-9.4.0/lib64/../lib64/:/home/zaba_al/gcc-9.4.0/lib/gcc/x86_64-pc-linux-gnu/9.4.0/:/home/zaba_al/gcc-9.4.0/lib/gcc/x86_64-pc-linux-gnu/9.4.0/../../../../lib64/:/lib/x86_64-linux-gnu/:/lib/../lib64/:/usr/lib/x86_64-linux-gnu/:/home/zaba_al/gcc-9.4.0/lib64/:./:/home/zaba_al/gcc-9.4.0/lib/gcc/x86_64-pc-linux-gnu/9.4.0/../../../:/lib/:/usr/lib/]
  ignore line: [COLLECT_GCC_OPTIONS='-v' '-o' 'cmTC_688fe' '-shared-libgcc' '-mtune=generic' '-march=x86-64']
  link line: [ /home/zaba_al/gcc-9.4.0/libexec/gcc/x86_64-pc-linux-gnu/9.4.0/collect2 -plugin /home/zaba_al/gcc-9.4.0/libexec/gcc/x86_64-pc-linux-gnu/9.4.0/liblto_plugin.so -plugin-opt=/home/zaba_al/gcc-9.4.0/libexec/gcc/x86_64-pc-linux-gnu/9.4.0/lto-wrapper -plugin-opt=-fresolution=/tmp/cc19r6Qt.res -plugin-opt=-pass-through=-lgcc_s -plugin-opt=-pass-through=-lgcc -plugin-opt=-pass-through=-lc -plugin-opt=-pass-through=-lgcc_s -plugin-opt=-pass-through=-lgcc --eh-frame-hdr -m elf_x86_64 -dynamic-linker /lib64/ld-linux-x86-64.so.2 -o cmTC_688fe /usr/lib/x86_64-linux-gnu/crt1.o /usr/lib/x86_64-linux-gnu/crti.o /home/zaba_al/gcc-9.4.0/lib/gcc/x86_64-pc-linux-gnu/9.4.0/crtbegin.o -L/home/zaba_al/gcc-9.4.0/lib64/../lib64 -L/home/zaba_al/gcc-9.4.0/lib/gcc/x86_64-pc-linux-gnu/9.4.0 -L/home/zaba_al/gcc-9.4.0/lib/gcc/x86_64-pc-linux-gnu/9.4.0/../../../../lib64 -L/lib/x86_64-linux-gnu -L/lib/../lib64 -L/usr/lib/x86_64-linux-gnu -L/home/zaba_al/gcc-9.4.0/lib64 -L. -L/home/zaba_al/gcc-9.4.0/lib/gcc/x86_64-pc-linux-gnu/9.4.0/../../.. CMakeFiles/cmTC_688fe.dir/CMakeCXXCompilerABI.cpp.o -lstdc++ -lm -lgcc_s -lgcc -lc -lgcc_s -lgcc /home/zaba_al/gcc-9.4.0/lib/gcc/x86_64-pc-linux-gnu/9.4.0/crtend.o /usr/lib/x86_64-linux-gnu/crtn.o]
    arg [/home/zaba_al/gcc-9.4.0/libexec/gcc/x86_64-pc-linux-gnu/9.4.0/collect2] ==> ignore
    arg [-plugin] ==> ignore
    arg [/home/zaba_al/gcc-9.4.0/libexec/gcc/x86_64-pc-linux-gnu/9.4.0/liblto_plugin.so] ==> ignore
    arg [-plugin-opt=/home/zaba_al/gcc-9.4.0/libexec/gcc/x86_64-pc-linux-gnu/9.4.0/lto-wrapper] ==> ignore
    arg [-plugin-opt=-fresolution=/tmp/cc19r6Qt.res] ==> ignore
    arg [-plugin-opt=-pass-through=-lgcc_s] ==> ignore
    arg [-plugin-opt=-pass-through=-lgcc] ==> ignore
    arg [-plugin-opt=-pass-through=-lc] ==> ignore
    arg [-plugin-opt=-pass-through=-lgcc_s] ==> ignore
    arg [-plugin-opt=-pass-through=-lgcc] ==> ignore
    arg [--eh-frame-hdr] ==> ignore
    arg [-m] ==> ignore
    arg [elf_x86_64] ==> ignore
    arg [-dynamic-linker] ==> ignore
    arg [/lib64/ld-linux-x86-64.so.2] ==> ignore
    arg [-o] ==> ignore
    arg [cmTC_688fe] ==> ignore
    arg [/usr/lib/x86_64-linux-gnu/crt1.o] ==> ignore
    arg [/usr/lib/x86_64-linux-gnu/crti.o] ==> ignore
    arg [/home/zaba_al/gcc-9.4.0/lib/gcc/x86_64-pc-linux-gnu/9.4.0/crtbegin.o] ==> ignore
    arg [-L/home/zaba_al/gcc-9.4.0/lib64/../lib64] ==> dir [/home/zaba_al/gcc-9.4.0/lib64/../lib64]
    arg [-L/home/zaba_al/gcc-9.4.0/lib/gcc/x86_64-pc-linux-gnu/9.4.0] ==> dir [/home/zaba_al/gcc-9.4.0/lib/gcc/x86_64-pc-linux-gnu/9.4.0]
    arg [-L/home/zaba_al/gcc-9.4.0/lib/gcc/x86_64-pc-linux-gnu/9.4.0/../../../../lib64] ==> dir [/home/zaba_al/gcc-9.4.0/lib/gcc/x86_64-pc-linux-gnu/9.4.0/../../../../lib64]
    arg [-L/lib/x86_64-linux-gnu] ==> dir [/lib/x86_64-linux-gnu]
    arg [-L/lib/../lib64] ==> dir [/lib/../lib64]
    arg [-L/usr/lib/x86_64-linux-gnu] ==> dir [/usr/lib/x86_64-linux-gnu]
    arg [-L/home/zaba_al/gcc-9.4.0/lib64] ==> dir [/home/zaba_al/gcc-9.4.0/lib64]
    arg [-L.] ==> ignore
    arg [-L/home/zaba_al/gcc-9.4.0/lib/gcc/x86_64-pc-linux-gnu/9.4.0/../../..] ==> dir [/home/zaba_al/gcc-9.4.0/lib/gcc/x86_64-pc-linux-gnu/9.4.0/../../..]
    arg [CMakeFiles/cmTC_688fe.dir/CMakeCXXCompilerABI.cpp.o] ==> ignore
    arg [-lstdc++] ==> lib [stdc++]
    arg [-lm] ==> lib [m]
    arg [-lgcc_s] ==> lib [gcc_s]
    arg [-lgcc] ==> lib [gcc]
    arg [-lc] ==> lib [c]
    arg [-lgcc_s] ==> lib [gcc_s]
    arg [-lgcc] ==> lib [gcc]
    arg [/home/zaba_al/gcc-9.4.0/lib/gcc/x86_64-pc-linux-gnu/9.4.0/crtend.o] ==> ignore
    arg [/usr/lib/x86_64-linux-gnu/crtn.o] ==> ignore
  remove lib [gcc_s]
  remove lib [gcc]
  remove lib [gcc_s]
  remove lib [gcc]
  collapse library dir [/home/zaba_al/gcc-9.4.0/lib64/../lib64] ==> [/home/zaba_al/gcc-9.4.0/lib64]
  collapse library dir [/home/zaba_al/gcc-9.4.0/lib/gcc/x86_64-pc-linux-gnu/9.4.0] ==> [/home/zaba_al/gcc-9.4.0/lib/gcc/x86_64-pc-linux-gnu/9.4.0]
  collapse library dir [/home/zaba_al/gcc-9.4.0/lib/gcc/x86_64-pc-linux-gnu/9.4.0/../../../../lib64] ==> [/home/zaba_al/gcc-9.4.0/lib64]
  collapse library dir [/lib/x86_64-linux-gnu] ==> [/lib/x86_64-linux-gnu]
  collapse library dir [/lib/../lib64] ==> [/lib64]
  collapse library dir [/usr/lib/x86_64-linux-gnu] ==> [/usr/lib/x86_64-linux-gnu]
  collapse library dir [/home/zaba_al/gcc-9.4.0/lib64] ==> [/home/zaba_al/gcc-9.4.0/lib64]
  collapse library dir [/home/zaba_al/gcc-9.4.0/lib/gcc/x86_64-pc-linux-gnu/9.4.0/../../..] ==> [/home/zaba_al/gcc-9.4.0/lib]
  implicit libs: [stdc++;m;c]
  implicit dirs: [/home/zaba_al/gcc-9.4.0/lib64;/home/zaba_al/gcc-9.4.0/lib/gcc/x86_64-pc-linux-gnu/9.4.0;/lib/x86_64-linux-gnu;/lib64;/usr/lib/x86_64-linux-gnu;/home/zaba_al/gcc-9.4.0/lib]
  implicit fwks: []




Detecting CXX [-std=c++14] compiler features compiled with the following output:
Change Dir: /home/zaba_al/resLoadSIM-6.2.0-Source/build/CMakeFiles/CMakeTmp

Run Build Command:"/usr/bin/make" "cmTC_26405/fast"
/usr/bin/make -f CMakeFiles/cmTC_26405.dir/build.make CMakeFiles/cmTC_26405.dir/build
make[1]: Entering directory '/home/zaba_al/resLoadSIM-6.2.0-Source/build/CMakeFiles/CMakeTmp'
Building CXX object CMakeFiles/cmTC_26405.dir/feature_tests.cxx.o
/home/zaba_al/gcc-9.4.0/bin/g++     -std=c++14 -o CMakeFiles/cmTC_26405.dir/feature_tests.cxx.o -c /home/zaba_al/resLoadSIM-6.2.0-Source/build/CMakeFiles/feature_tests.cxx
Linking CXX executable cmTC_26405
/usr/bin/cmake -E cmake_link_script CMakeFiles/cmTC_26405.dir/link.txt --verbose=1
/home/zaba_al/gcc-9.4.0/bin/g++        CMakeFiles/cmTC_26405.dir/feature_tests.cxx.o  -o cmTC_26405 
make[1]: Leaving directory '/home/zaba_al/resLoadSIM-6.2.0-Source/build/CMakeFiles/CMakeTmp'


    Feature record: CXX_FEATURE:1cxx_aggregate_default_initializers
    Feature record: CXX_FEATURE:1cxx_alias_templates
    Feature record: CXX_FEATURE:1cxx_alignas
    Feature record: CXX_FEATURE:1cxx_alignof
    Feature record: CXX_FEATURE:1cxx_attributes
    Feature record: CXX_FEATURE:1cxx_attribute_deprecated
    Feature record: CXX_FEATURE:1cxx_auto_type
    Feature record: CXX_FEATURE:1cxx_binary_literals
    Feature record: CXX_FEATURE:1cxx_constexpr
    Feature record: CXX_FEATURE:1cxx_contextual_conversions
    Feature record: CXX_FEATURE:1cxx_decltype
    Feature record: CXX_FEATURE:1cxx_decltype_auto
    Feature record: CXX_FEATURE:1cxx_decltype_incomplete_return_types
    Feature record: CXX_FEATURE:1cxx_default_function_template_args
    Feature record: CXX_FEATURE:1cxx_defaulted_functions
    Feature record: CXX_FEATURE:1cxx_defaulted_move_initializers
    Feature record: CXX_FEATURE:1cxx_delegating_constructors
    Feature record: CXX_FEATURE:1cxx_deleted_functions
    Feature record: CXX_FEATURE:1cxx_digit_separators
    Feature record: CXX_FEATURE:1cxx_enum_forward_declarations
    Feature record: CXX_FEATURE:1cxx_explicit_conversions
    Feature record: CXX_FEATURE:1cxx_extended_friend_declarations
    Feature record: CXX_FEATURE:1cxx_extern_templates
    Feature record: CXX_FEATURE:1cxx_final
    Feature record: CXX_FEATURE:1cxx_func_identifier
    Feature record: CXX_FEATURE:1cxx_generalized_initializers
    Feature record: CXX_FEATURE:1cxx_generic_lambdas
    Feature record: CXX_FEATURE:1cxx_inheriting_constructors
    Feature record: CXX_FEATURE:1cxx_inline_namespaces
    Feature record: CXX_FEATURE:1cxx_lambdas
    Feature record: CXX_FEATURE:1cxx_lambda_init_captures
    Feature record: CXX_FEATURE:1cxx_local_type_template_args
    Feature record: CXX_FEATURE:1cxx_long_long_type
    Feature record: CXX_FEATURE:1cxx_noexcept
    Feature record: CXX_FEATURE:1cxx_nonstatic_member_init
    Feature record: CXX_FEATURE:1cxx_nullptr
    Feature record: CXX_FEATURE:1cxx_override
    Feature record: CXX_FEATURE:1cxx_range_for
    Feature record: CXX_FEATURE:1cxx_raw_string_literals
    Feature record: CXX_FEATURE:1cxx_reference_qualified_functions
    Feature record: CXX_FEATURE:1cxx_relaxed_constexpr
    Feature record: CXX_FEATURE:1cxx_return_type_deduction
    Feature record: CXX_FEATURE:1cxx_right_angle_brackets
    Feature record: CXX_FEATURE:1cxx_rvalue_references
    Feature record: CXX_FEATURE:1cxx_sizeof_member
    Feature record: CXX_FEATURE:1cxx_static_assert
    Feature record: CXX_FEATURE:1cxx_strong_enums
    Feature record: CXX_FEATURE:1cxx_template_template_parameters
    Feature record: CXX_FEATURE:1cxx_thread_local
    Feature record: CXX_FEATURE:1cxx_trailing_return_types
    Feature record: CXX_FEATURE:1cxx_unicode_literals
    Feature record: CXX_FEATURE:1cxx_uniform_initialization
    Feature record: CXX_FEATURE:1cxx_unrestricted_unions
    Feature record: CXX_FEATURE:1cxx_user_literals
    Feature record: CXX_FEATURE:1cxx_variable_templates
    Feature record: CXX_FEATURE:1cxx_variadic_macros
    Feature record: CXX_FEATURE:1cxx_variadic_templates


Detecting CXX [-std=c++11] compiler features compiled with the following output:
Change Dir: /home/zaba_al/resLoadSIM-6.2.0-Source/build/CMakeFiles/CMakeTmp

Run Build Command:"/usr/bin/make" "cmTC_b874e/fast"
/usr/bin/make -f CMakeFiles/cmTC_b874e.dir/build.make CMakeFiles/cmTC_b874e.dir/build
make[1]: Entering directory '/home/zaba_al/resLoadSIM-6.2.0-Source/build/CMakeFiles/CMakeTmp'
Building CXX object CMakeFiles/cmTC_b874e.dir/feature_tests.cxx.o
/home/zaba_al/gcc-9.4.0/bin/g++     -std=c++11 -o CMakeFiles/cmTC_b874e.dir/feature_tests.cxx.o -c /home/zaba_al/resLoadSIM-6.2.0-Source/build/CMakeFiles/feature_tests.cxx
Linking CXX executable cmTC_b874e
/usr/bin/cmake -E cmake_link_script CMakeFiles/cmTC_b874e.dir/link.txt --verbose=1
/home/zaba_al/gcc-9.4.0/bin/g++        CMakeFiles/cmTC_b874e.dir/feature_tests.cxx.o  -o cmTC_b874e 
make[1]: Leaving directory '/home/zaba_al/resLoadSIM-6.2.0-Source/build/CMakeFiles/CMakeTmp'


    Feature record: CXX_FEATURE:0cxx_aggregate_default_initializers
    Feature record: CXX_FEATURE:1cxx_alias_templates
    Feature record: CXX_FEATURE:1cxx_alignas
    Feature record: CXX_FEATURE:1cxx_alignof
    Feature record: CXX_FEATURE:1cxx_attributes
    Feature record: CXX_FEATURE:0cxx_attribute_deprecated
    Feature record: CXX_FEATURE:1cxx_auto_type
    Feature record: CXX_FEATURE:0cxx_binary_literals
    Feature record: CXX_FEATURE:1cxx_constexpr
    Feature record: CXX_FEATURE:0cxx_contextual_conversions
    Feature record: CXX_FEATURE:1cxx_decltype
    Feature record: CXX_FEATURE:0cxx_decltype_auto
    Feature record: CXX_FEATURE:1cxx_decltype_incomplete_return_types
    Feature record: CXX_FEATURE:1cxx_default_function_template_args
    Feature record: CXX_FEATURE:1cxx_defaulted_functions
    Feature record: CXX_FEATURE:1cxx_defaulted_move_initializers
    Feature record: CXX_FEATURE:1cxx_delegating_constructors
    Feature record: CXX_FEATURE:1cxx_deleted_functions
    Feature record: CXX_FEATURE:0cxx_digit_separators
    Feature record: CXX_FEATURE:1cxx_enum_forward_declarations
    Feature record: CXX_FEATURE:1cxx_explicit_conversions
    Feature record: CXX_FEATURE:1cxx_extended_friend_declarations
    Feature record: CXX_FEATURE:1cxx_extern_templates
    Feature record: CXX_FEATURE:1cxx_final
    Feature record: CXX_FEATURE:1cxx_func_identifier
    Feature record: CXX_FEATURE:1cxx_generalized_initializers
    Feature record: CXX_FEATURE:0cxx_generic_lambdas
    Feature record: CXX_FEATURE:1cxx_inheriting_constructors
    Feature record: CXX_FEATURE:1cxx_inline_namespaces
    Feature record: CXX_FEATURE:1cxx_lambdas
    Feature record: CXX_FEATURE:0cxx_lambda_init_captures
    Feature record: CXX_FEATURE:1cxx_local_type_template_args
    Feature record: CXX_FEATURE:1cxx_long_long_type
    Feature record: CXX_FEATURE:1cxx_noexcept
    Feature record: CXX_FEATURE:1cxx_nonstatic_member_init
    Feature record: CXX_FEATURE:1cxx_nullptr
    Feature record: CXX_FEATURE:1cxx_override
    Feature record: CXX_FEATURE:1cxx_range_for
    Feature record: CXX_FEATURE:1cxx_raw_string_literals
    Feature record: CXX_FEATURE:1cxx_reference_qualified_functions
    Feature record: CXX_FEATURE:0cxx_relaxed_constexpr
    Feature record: CXX_FEATURE:0cxx_return_type_deduction
    Feature record: CXX_FEATURE:1cxx_right_angle_brackets
    Feature record: CXX_FEATURE:1cxx_rvalue_references
    Feature record: CXX_FEATURE:1cxx_sizeof_member
    Feature record: CXX_FEATURE:1cxx_static_assert
    Feature record: CXX_FEATURE:1cxx_strong_enums
    Feature record: CXX_FEATURE:1cxx_template_template_parameters
    Feature record: CXX_FEATURE:1cxx_thread_local
    Feature record: CXX_FEATURE:1cxx_trailing_return_types
    Feature record: CXX_FEATURE:1cxx_unicode_literals
    Feature record: CXX_FEATURE:1cxx_uniform_initialization
    Feature record: CXX_FEATURE:1cxx_unrestricted_unions
    Feature record: CXX_FEATURE:1cxx_user_literals
    Feature record: CXX_FEATURE:0cxx_variable_templates
    Feature record: CXX_FEATURE:1cxx_variadic_macros
    Feature record: CXX_FEATURE:1cxx_variadic_templates


Detecting CXX [-std=c++98] compiler features compiled with the following output:
Change Dir: /home/zaba_al/resLoadSIM-6.2.0-Source/build/CMakeFiles/CMakeTmp

Run Build Command:"/usr/bin/make" "cmTC_33b7a/fast"
/usr/bin/make -f CMakeFiles/cmTC_33b7a.dir/build.make CMakeFiles/cmTC_33b7a.dir/build
make[1]: Entering directory '/home/zaba_al/resLoadSIM-6.2.0-Source/build/CMakeFiles/CMakeTmp'
Building CXX object CMakeFiles/cmTC_33b7a.dir/feature_tests.cxx.o
/home/zaba_al/gcc-9.4.0/bin/g++     -std=c++98 -o CMakeFiles/cmTC_33b7a.dir/feature_tests.cxx.o -c /home/zaba_al/resLoadSIM-6.2.0-Source/build/CMakeFiles/feature_tests.cxx
Linking CXX executable cmTC_33b7a
/usr/bin/cmake -E cmake_link_script CMakeFiles/cmTC_33b7a.dir/link.txt --verbose=1
/home/zaba_al/gcc-9.4.0/bin/g++        CMakeFiles/cmTC_33b7a.dir/feature_tests.cxx.o  -o cmTC_33b7a 
make[1]: Leaving directory '/home/zaba_al/resLoadSIM-6.2.0-Source/build/CMakeFiles/CMakeTmp'


    Feature record: CXX_FEATURE:0cxx_aggregate_default_initializers
    Feature record: CXX_FEATURE:0cxx_alias_templates
    Feature record: CXX_FEATURE:0cxx_alignas
    Feature record: CXX_FEATURE:0cxx_alignof
    Feature record: CXX_FEATURE:0cxx_attributes
    Feature record: CXX_FEATURE:0cxx_attribute_deprecated
    Feature record: CXX_FEATURE:0cxx_auto_type
    Feature record: CXX_FEATURE:0cxx_binary_literals
    Feature record: CXX_FEATURE:0cxx_constexpr
    Feature record: CXX_FEATURE:0cxx_contextual_conversions
    Feature record: CXX_FEATURE:0cxx_decltype
    Feature record: CXX_FEATURE:0cxx_decltype_auto
    Feature record: CXX_FEATURE:0cxx_decltype_incomplete_return_types
    Feature record: CXX_FEATURE:0cxx_default_function_template_args
    Feature record: CXX_FEATURE:0cxx_defaulted_functions
    Feature record: CXX_FEATURE:0cxx_defaulted_move_initializers
    Feature record: CXX_FEATURE:0cxx_delegating_constructors
    Feature record: CXX_FEATURE:0cxx_deleted_functions
    Feature record: CXX_FEATURE:0cxx_digit_separators
    Feature record: CXX_FEATURE:0cxx_enum_forward_declarations
    Feature record: CXX_FEATURE:0cxx_explicit_conversions
    Feature record: CXX_FEATURE:0cxx_extended_friend_declarations
    Feature record: CXX_FEATURE:0cxx_extern_templates
    Feature record: CXX_FEATURE:0cxx_final
    Feature record: CXX_FEATURE:0cxx_func_identifier
    Feature record: CXX_FEATURE:0cxx_generalized_initializers
    Feature record: CXX_FEATURE:0cxx_generic_lambdas
    Feature record: CXX_FEATURE:0cxx_inheriting_constructors
    Feature record: CXX_FEATURE:0cxx_inline_namespaces
    Feature record: CXX_FEATURE:0cxx_lambdas
    Feature record: CXX_FEATURE:0cxx_lambda_init_captures
    Feature record: CXX_FEATURE:0cxx_local_type_template_args
    Feature record: CXX_FEATURE:0cxx_long_long_type
    Feature record: CXX_FEATURE:0cxx_noexcept
    Feature record: CXX_FEATURE:0cxx_nonstatic_member_init
    Feature record: CXX_FEATURE:0cxx_nullptr
    Feature record: CXX_FEATURE:0cxx_override
    Feature record: CXX_FEATURE:0cxx_range_for
    Feature record: CXX_FEATURE:0cxx_raw_string_literals
    Feature record: CXX_FEATURE:0cxx_reference_qualified_functions
    Feature record: CXX_FEATURE:0cxx_relaxed_constexpr
    Feature record: CXX_FEATURE:0cxx_return_type_deduction
    Feature record: CXX_FEATURE:0cxx_right_angle_brackets
    Feature record: CXX_FEATURE:0cxx_rvalue_references
    Feature record: CXX_FEATURE:0cxx_sizeof_member
    Feature record: CXX_FEATURE:0cxx_static_assert
    Feature record: CXX_FEATURE:0cxx_strong_enums
    Feature record: CXX_FEATURE:1cxx_template_template_parameters
    Feature record: CXX_FEATURE:0cxx_thread_local
    Feature record: CXX_FEATURE:0cxx_trailing_return_types
    Feature record: CXX_FEATURE:0cxx_unicode_literals
    Feature record: CXX_FEATURE:0cxx_uniform_initialization
    Feature record: CXX_FEATURE:0cxx_unrestricted_unions
    Feature record: CXX_FEATURE:0cxx_user_literals
    Feature record: CXX_FEATURE:0cxx_variable_templates
    Feature record: CXX_FEATURE:0cxx_variadic_macros
    Feature record: CXX_FEATURE:0cxx_variadic_templates
